{"/home/akshay/Desktop/NodeJs_Sequelize_SQL-master/app.js": {"path":"/home/akshay/Desktop/NodeJs_Sequelize_SQL-master/app.js","statementMap":{"0":{"start":{"line":1,"column":16},"end":{"line":1,"column":34}},"1":{"start":{"line":2,"column":13},"end":{"line":2,"column":28}},"2":{"start":{"line":3,"column":0},"end":{"line":3,"column":27}},"3":{"start":{"line":5,"column":12},"end":{"line":5,"column":21}},"4":{"start":{"line":7,"column":18},"end":{"line":9,"column":1}},"5":{"start":{"line":12,"column":0},"end":{"line":12,"column":25}},"6":{"start":{"line":13,"column":0},"end":{"line":13,"column":24}},"7":{"start":{"line":14,"column":0},"end":{"line":14,"column":48}},"8":{"start":{"line":17,"column":15},"end":{"line":17,"column":51}},"9":{"start":{"line":18,"column":0},"end":{"line":18,"column":33}},"10":{"start":{"line":21,"column":0},"end":{"line":23,"column":3}},"11":{"start":{"line":22,"column":2},"end":{"line":22,"column":42}},"12":{"start":{"line":25,"column":0},"end":{"line":25,"column":21}}},"fnMap":{"0":{"name":"(anonymous_0)","decl":{"start":{"line":21,"column":13},"end":{"line":21,"column":14}},"loc":{"start":{"line":21,"column":27},"end":{"line":23,"column":1}},"line":21}},"branchMap":{},"s":{"0":1,"1":1,"2":1,"3":1,"4":1,"5":1,"6":1,"7":1,"8":1,"9":1,"10":1,"11":0,"12":1},"f":{"0":0},"b":{},"inputSourceMap":null,"_coverageSchema":"1a1c01bbd47fc00a2c39e90264f33305004495a9","hash":"900714b0dfa2f1d54ec1a85fcf9eb725fa4bb1f8"}
,"/home/akshay/Desktop/NodeJs_Sequelize_SQL-master/Config/dbConfig.js": {"path":"/home/akshay/Desktop/NodeJs_Sequelize_SQL-master/Config/dbConfig.js","statementMap":{"0":{"start":{"line":1,"column":0},"end":{"line":14,"column":2}}},"fnMap":{},"branchMap":{},"s":{"0":1},"f":{},"b":{},"inputSourceMap":null,"_coverageSchema":"1a1c01bbd47fc00a2c39e90264f33305004495a9","hash":"ff7c845f8e440dd48440252755124c122823790c"}
,"/home/akshay/Desktop/NodeJs_Sequelize_SQL-master/Controllers/productController.js": {"path":"/home/akshay/Desktop/NodeJs_Sequelize_SQL-master/Controllers/productController.js","statementMap":{"0":{"start":{"line":1,"column":11},"end":{"line":1,"column":31}},"1":{"start":{"line":4,"column":16},"end":{"line":4,"column":27}},"2":{"start":{"line":5,"column":15},"end":{"line":5,"column":25}},"3":{"start":{"line":11,"column":19},"end":{"line":29,"column":1}},"4":{"start":{"line":12,"column":13},"end":{"line":17,"column":3}},"5":{"start":{"line":18,"column":2},"end":{"line":20,"column":3}},"6":{"start":{"line":19,"column":4},"end":{"line":19,"column":48}},"7":{"start":{"line":22,"column":2},"end":{"line":28,"column":3}},"8":{"start":{"line":23,"column":20},"end":{"line":23,"column":46}},"9":{"start":{"line":24,"column":4},"end":{"line":24,"column":41}},"10":{"start":{"line":27,"column":4},"end":{"line":27,"column":37}},"11":{"start":{"line":32,"column":23},"end":{"line":39,"column":1}},"12":{"start":{"line":33,"column":2},"end":{"line":38,"column":3}},"13":{"start":{"line":34,"column":19},"end":{"line":34,"column":44}},"14":{"start":{"line":35,"column":4},"end":{"line":35,"column":35}},"15":{"start":{"line":37,"column":4},"end":{"line":37,"column":37}},"16":{"start":{"line":42,"column":22},"end":{"line":50,"column":1}},"17":{"start":{"line":43,"column":15},"end":{"line":43,"column":25}},"18":{"start":{"line":44,"column":2},"end":{"line":49,"column":3}},"19":{"start":{"line":45,"column":18},"end":{"line":45,"column":62}},"20":{"start":{"line":46,"column":4},"end":{"line":46,"column":34}},"21":{"start":{"line":48,"column":4},"end":{"line":48,"column":37}},"22":{"start":{"line":53,"column":22},"end":{"line":61,"column":1}},"23":{"start":{"line":54,"column":15},"end":{"line":54,"column":25}},"24":{"start":{"line":55,"column":2},"end":{"line":60,"column":3}},"25":{"start":{"line":56,"column":18},"end":{"line":56,"column":71}},"26":{"start":{"line":57,"column":4},"end":{"line":57,"column":34}},"27":{"start":{"line":59,"column":4},"end":{"line":59,"column":37}},"28":{"start":{"line":64,"column":22},"end":{"line":72,"column":1}},"29":{"start":{"line":65,"column":15},"end":{"line":65,"column":25}},"30":{"start":{"line":66,"column":2},"end":{"line":71,"column":3}},"31":{"start":{"line":67,"column":4},"end":{"line":67,"column":49}},"32":{"start":{"line":68,"column":4},"end":{"line":68,"column":60}},"33":{"start":{"line":70,"column":4},"end":{"line":70,"column":37}},"34":{"start":{"line":75,"column":26},"end":{"line":82,"column":1}},"35":{"start":{"line":76,"column":2},"end":{"line":81,"column":3}},"36":{"start":{"line":77,"column":21},"end":{"line":77,"column":74}},"37":{"start":{"line":78,"column":4},"end":{"line":78,"column":35}},"38":{"start":{"line":80,"column":4},"end":{"line":80,"column":37}},"39":{"start":{"line":84,"column":0},"end":{"line":91,"column":2}}},"fnMap":{"0":{"name":"(anonymous_0)","decl":{"start":{"line":11,"column":19},"end":{"line":11,"column":20}},"loc":{"start":{"line":11,"column":39},"end":{"line":29,"column":1}},"line":11},"1":{"name":"(anonymous_1)","decl":{"start":{"line":32,"column":23},"end":{"line":32,"column":24}},"loc":{"start":{"line":32,"column":43},"end":{"line":39,"column":1}},"line":32},"2":{"name":"(anonymous_2)","decl":{"start":{"line":42,"column":22},"end":{"line":42,"column":23}},"loc":{"start":{"line":42,"column":42},"end":{"line":50,"column":1}},"line":42},"3":{"name":"(anonymous_3)","decl":{"start":{"line":53,"column":22},"end":{"line":53,"column":23}},"loc":{"start":{"line":53,"column":42},"end":{"line":61,"column":1}},"line":53},"4":{"name":"(anonymous_4)","decl":{"start":{"line":64,"column":22},"end":{"line":64,"column":23}},"loc":{"start":{"line":64,"column":42},"end":{"line":72,"column":1}},"line":64},"5":{"name":"(anonymous_5)","decl":{"start":{"line":75,"column":26},"end":{"line":75,"column":27}},"loc":{"start":{"line":75,"column":46},"end":{"line":82,"column":1}},"line":75}},"branchMap":{"0":{"loc":{"start":{"line":16,"column":15},"end":{"line":16,"column":62}},"type":"cond-expr","locations":[{"start":{"line":16,"column":36},"end":{"line":16,"column":54}},{"start":{"line":16,"column":57},"end":{"line":16,"column":62}}],"line":16},"1":{"loc":{"start":{"line":18,"column":2},"end":{"line":20,"column":3}},"type":"if","locations":[{"start":{"line":18,"column":2},"end":{"line":20,"column":3}},{"start":{},"end":{}}],"line":18},"2":{"loc":{"start":{"line":18,"column":6},"end":{"line":18,"column":72}},"type":"binary-expr","locations":[{"start":{"line":18,"column":6},"end":{"line":18,"column":17}},{"start":{"line":18,"column":21},"end":{"line":18,"column":32}},{"start":{"line":18,"column":36},"end":{"line":18,"column":53}},{"start":{"line":18,"column":57},"end":{"line":18,"column":72}}],"line":18}},"s":{"0":1,"1":1,"2":1,"3":1,"4":2,"5":2,"6":1,"7":1,"8":1,"9":1,"10":0,"11":1,"12":1,"13":1,"14":1,"15":0,"16":1,"17":0,"18":0,"19":0,"20":0,"21":0,"22":1,"23":1,"24":1,"25":1,"26":1,"27":0,"28":1,"29":1,"30":1,"31":1,"32":1,"33":0,"34":1,"35":0,"36":0,"37":0,"38":0,"39":1},"f":{"0":2,"1":1,"2":0,"3":1,"4":1,"5":0},"b":{"0":[1,1],"1":[1,1],"2":[2,2,2,2]},"inputSourceMap":null,"_coverageSchema":"1a1c01bbd47fc00a2c39e90264f33305004495a9","hash":"9da275f070cf27dd95d151b3f3fb9abe1972c1f1"}
,"/home/akshay/Desktop/NodeJs_Sequelize_SQL-master/Models/index.js": {"path":"/home/akshay/Desktop/NodeJs_Sequelize_SQL-master/Models/index.js","statementMap":{"0":{"start":{"line":1,"column":17},"end":{"line":1,"column":49}},"1":{"start":{"line":3,"column":33},"end":{"line":3,"column":53}},"2":{"start":{"line":5,"column":18},"end":{"line":16,"column":2}},"3":{"start":{"line":18,"column":0},"end":{"line":25,"column":5}},"4":{"start":{"line":21,"column":4},"end":{"line":21,"column":32}},"5":{"start":{"line":24,"column":4},"end":{"line":24,"column":32}},"6":{"start":{"line":27,"column":11},"end":{"line":27,"column":13}},"7":{"start":{"line":29,"column":0},"end":{"line":29,"column":25}},"8":{"start":{"line":30,"column":0},"end":{"line":30,"column":25}},"9":{"start":{"line":32,"column":0},"end":{"line":32,"column":65}},"10":{"start":{"line":33,"column":0},"end":{"line":33,"column":63}},"11":{"start":{"line":35,"column":0},"end":{"line":37,"column":3}},"12":{"start":{"line":36,"column":2},"end":{"line":36,"column":38}},"13":{"start":{"line":39,"column":0},"end":{"line":39,"column":20}}},"fnMap":{"0":{"name":"(anonymous_0)","decl":{"start":{"line":20,"column":8},"end":{"line":20,"column":9}},"loc":{"start":{"line":20,"column":14},"end":{"line":22,"column":3}},"line":20},"1":{"name":"(anonymous_1)","decl":{"start":{"line":23,"column":9},"end":{"line":23,"column":10}},"loc":{"start":{"line":23,"column":18},"end":{"line":25,"column":3}},"line":23},"2":{"name":"(anonymous_2)","decl":{"start":{"line":35,"column":41},"end":{"line":35,"column":42}},"loc":{"start":{"line":35,"column":47},"end":{"line":37,"column":1}},"line":35}},"branchMap":{},"s":{"0":1,"1":1,"2":1,"3":1,"4":1,"5":0,"6":1,"7":1,"8":1,"9":1,"10":1,"11":1,"12":1,"13":1},"f":{"0":1,"1":0,"2":1},"b":{},"inputSourceMap":null,"_coverageSchema":"1a1c01bbd47fc00a2c39e90264f33305004495a9","hash":"5286f0ec45c59c05088b24bee46f538d1bfbea04"}
,"/home/akshay/Desktop/NodeJs_Sequelize_SQL-master/Models/productModel.js": {"path":"/home/akshay/Desktop/NodeJs_Sequelize_SQL-master/Models/productModel.js","statementMap":{"0":{"start":{"line":1,"column":0},"end":{"line":18,"column":2}},"1":{"start":{"line":2,"column":18},"end":{"line":16,"column":4}},"2":{"start":{"line":17,"column":2},"end":{"line":17,"column":17}}},"fnMap":{"0":{"name":"(anonymous_0)","decl":{"start":{"line":1,"column":17},"end":{"line":1,"column":18}},"loc":{"start":{"line":1,"column":43},"end":{"line":18,"column":1}},"line":1}},"branchMap":{},"s":{"0":1,"1":1,"2":1},"f":{"0":1},"b":{},"inputSourceMap":null,"_coverageSchema":"1a1c01bbd47fc00a2c39e90264f33305004495a9","hash":"0519a229f0c6f08e329e4ba401ad647eed90451e"}
,"/home/akshay/Desktop/NodeJs_Sequelize_SQL-master/Models/reviewModel.js": {"path":"/home/akshay/Desktop/NodeJs_Sequelize_SQL-master/Models/reviewModel.js","statementMap":{"0":{"start":{"line":1,"column":0},"end":{"line":11,"column":2}},"1":{"start":{"line":2,"column":17},"end":{"line":9,"column":4}},"2":{"start":{"line":10,"column":2},"end":{"line":10,"column":16}}},"fnMap":{"0":{"name":"(anonymous_0)","decl":{"start":{"line":1,"column":17},"end":{"line":1,"column":18}},"loc":{"start":{"line":1,"column":43},"end":{"line":11,"column":1}},"line":1}},"branchMap":{},"s":{"0":1,"1":1,"2":1},"f":{"0":1},"b":{},"inputSourceMap":null,"_coverageSchema":"1a1c01bbd47fc00a2c39e90264f33305004495a9","hash":"a5e293430af8ef9cdeff8ed99b17f6e2c4baa396"}
,"/home/akshay/Desktop/NodeJs_Sequelize_SQL-master/Routes/productRouter.js": {"path":"/home/akshay/Desktop/NodeJs_Sequelize_SQL-master/Routes/productRouter.js","statementMap":{"0":{"start":{"line":1,"column":26},"end":{"line":1,"column":72}},"1":{"start":{"line":2,"column":15},"end":{"line":2,"column":42}},"2":{"start":{"line":4,"column":0},"end":{"line":4,"column":57}},"3":{"start":{"line":5,"column":0},"end":{"line":5,"column":60}},"4":{"start":{"line":6,"column":0},"end":{"line":6,"column":62}},"5":{"start":{"line":8,"column":0},"end":{"line":8,"column":52}},"6":{"start":{"line":9,"column":0},"end":{"line":9,"column":52}},"7":{"start":{"line":10,"column":0},"end":{"line":10,"column":55}},"8":{"start":{"line":12,"column":0},"end":{"line":12,"column":24}}},"fnMap":{},"branchMap":{},"s":{"0":1,"1":1,"2":1,"3":1,"4":1,"5":1,"6":1,"7":1,"8":1},"f":{},"b":{},"inputSourceMap":null,"_coverageSchema":"1a1c01bbd47fc00a2c39e90264f33305004495a9","hash":"e68cdef40ef0058fac6efc7411c85ff70e2b218b"}
}
